# JRE version: OpenJDK Runtime Environment (17.0.6) (build 17.0.6+0-b2043.56-9586694)
# Java VM: OpenJDK 64-Bit Server VM (17.0.6+0-b2043.56-9586694, mixed mode, tiered, compressed oops, compressed class ptrs, g1 gc, windows-amd64)
GC Precious Log:
 CPUs: 16 total, 16 available
 Memory: 7955M
 Large Page Support: Disabled
 NUMA Support: Disabled
 Compressed Oops: Enabled (32-bit)
 Heap Region Size: 1M
 Heap Min Capacity: 8M
 Heap Initial Capacity: 126M
 Heap Max Capacity: 1536M
 Pre-touch: Disabled
 Parallel Workers: 13
 Concurrent Workers: 3
 Concurrent Refinement Workers: 13
 Periodic GC: Disabled
Heap:
 garbage-first heap   total 82944K, used 43548K [0x00000000a0000000, 0x0000000100000000)
  region size 1024K, 4 young (4096K), 4 survivors (4096K)
 Metaspace       used 50407K, committed 50816K, reserved 1097728K
  class space    used 6620K, committed 6784K, reserved 1048576K
GC Heap History (20 events):
Event: 0.780 GC heap before
{Heap before GC invocations=1 (full 0):
 garbage-first heap   total 129024K, used 38304K [0x00000000a0000000, 0x0000000100000000)
  region size 1024K, 31 young (31744K), 3 survivors (3072K)
 Metaspace       used 11241K, committed 11456K, reserved 1064960K
  class space    used 1164K, committed 1280K, reserved 1048576K
}
Event: 0.784 GC heap after
{Heap after GC invocations=2 (full 0):
 garbage-first heap   total 129024K, used 13499K [0x00000000a0000000, 0x0000000100000000)
  region size 1024K, 4 young (4096K), 4 survivors (4096K)
 Metaspace       used 11241K, committed 11456K, reserved 1064960K
  class space    used 1164K, committed 1280K, reserved 1048576K
}
Event: 1.397 GC heap before
{Heap before GC invocations=2 (full 0):
 garbage-first heap   total 129024K, used 53435K [0x00000000a0000000, 0x0000000100000000)
  region size 1024K, 44 young (45056K), 4 survivors (4096K)
 Metaspace       used 21308K, committed 21504K, reserved 1073152K
  class space    used 2582K, committed 2688K, reserved 1048576K
}
Event: 1.401 GC heap after
{Heap after GC invocations=3 (full 0):
 garbage-first heap   total 129024K, used 17931K [0x00000000a0000000, 0x0000000100000000)
  region size 1024K, 9 young (9216K), 9 survivors (9216K)
 Metaspace       used 21308K, committed 21504K, reserved 1073152K
  class space    used 2582K, committed 2688K, reserved 1048576K
}
Event: 1.815 GC heap before
{Heap before GC invocations=4 (full 0):
 garbage-first heap   total 68608K, used 49675K [0x00000000a0000000, 0x0000000100000000)
  region size 1024K, 40 young (40960K), 9 survivors (9216K)
 Metaspace       used 26567K, committed 26816K, reserved 1073152K
  class space    used 3473K, committed 3584K, reserved 1048576K
}
Event: 1.819 GC heap after
{Heap after GC invocations=5 (full 0):
 garbage-first heap   total 68608K, used 19872K [0x00000000a0000000, 0x0000000100000000)
  region size 1024K, 3 young (3072K), 3 survivors (3072K)
 Metaspace       used 26567K, committed 26816K, reserved 1073152K
  class space    used 3473K, committed 3584K, reserved 1048576K
}
Event: 2.098 GC heap before
{Heap before GC invocations=5 (full 0):
 garbage-first heap   total 68608K, used 45472K [0x00000000a0000000, 0x0000000100000000)
  region size 1024K, 29 young (29696K), 3 survivors (3072K)
 Metaspace       used 30509K, committed 30784K, reserved 1081344K
  class space    used 4116K, committed 4224K, reserved 1048576K
}
Event: 2.100 GC heap after
{Heap after GC invocations=6 (full 0):
 garbage-first heap   total 68608K, used 21289K [0x00000000a0000000, 0x0000000100000000)
  region size 1024K, 2 young (2048K), 2 survivors (2048K)
 Metaspace       used 30509K, committed 30784K, reserved 1081344K
  class space    used 4116K, committed 4224K, reserved 1048576K
}
Event: 2.370 GC heap before
{Heap before GC invocations=6 (full 0):
 garbage-first heap   total 68608K, used 43817K [0x00000000a0000000, 0x0000000100000000)
  region size 1024K, 25 young (25600K), 2 survivors (2048K)
 Metaspace       used 35654K, committed 35968K, reserved 1081344K
  class space    used 4715K, committed 4864K, reserved 1048576K
}
Event: 2.372 GC heap after
{Heap after GC invocations=7 (full 0):
 garbage-first heap   total 68608K, used 23201K [0x00000000a0000000, 0x0000000100000000)
  region size 1024K, 4 young (4096K), 4 survivors (4096K)
 Metaspace       used 35654K, committed 35968K, reserved 1081344K
  class space    used 4715K, committed 4864K, reserved 1048576K
}
Event: 2.585 GC heap before
{Heap before GC invocations=8 (full 0):
 garbage-first heap   total 68608K, used 48801K [0x00000000a0000000, 0x0000000100000000)
  region size 1024K, 30 young (30720K), 4 survivors (4096K)
 Metaspace       used 38826K, committed 39168K, reserved 1089536K
  class space    used 5093K, committed 5248K, reserved 1048576K
}
Event: 2.588 GC heap after
{Heap after GC invocations=9 (full 0):
 garbage-first heap   total 68608K, used 26562K [0x00000000a0000000, 0x0000000100000000)
  region size 1024K, 4 young (4096K), 4 survivors (4096K)
 Metaspace       used 38826K, committed 39168K, reserved 1089536K
  class space    used 5093K, committed 5248K, reserved 1048576K
}
Event: 2.775 GC heap before
{Heap before GC invocations=9 (full 0):
 garbage-first heap   total 68608K, used 52162K [0x00000000a0000000, 0x0000000100000000)
  region size 1024K, 27 young (27648K), 4 survivors (4096K)
 Metaspace       used 41361K, committed 41664K, reserved 1089536K
  class space    used 5370K, committed 5504K, reserved 1048576K
}
Event: 2.777 GC heap after
{Heap after GC invocations=10 (full 0):
 garbage-first heap   total 68608K, used 27743K [0x00000000a0000000, 0x0000000100000000)
  region size 1024K, 2 young (2048K), 2 survivors (2048K)
 Metaspace       used 41361K, committed 41664K, reserved 1089536K
  class space    used 5370K, committed 5504K, reserved 1048576K
}
Event: 3.036 GC heap before
{Heap before GC invocations=10 (full 0):
 garbage-first heap   total 68608K, used 52319K [0x00000000a0000000, 0x0000000100000000)
  region size 1024K, 26 young (26624K), 2 survivors (2048K)
 Metaspace       used 45190K, committed 45504K, reserved 1089536K
  class space    used 5884K, committed 6016K, reserved 1048576K
}
Event: 3.038 GC heap after
{Heap after GC invocations=11 (full 0):
 garbage-first heap   total 82944K, used 29031K [0x00000000a0000000, 0x0000000100000000)
  region size 1024K, 4 young (4096K), 4 survivors (4096K)
 Metaspace       used 45190K, committed 45504K, reserved 1089536K
  class space    used 5884K, committed 6016K, reserved 1048576K
}
Event: 3.292 GC heap before
{Heap before GC invocations=11 (full 0):
 garbage-first heap   total 82944K, used 60775K [0x00000000a0000000, 0x0000000100000000)
  region size 1024K, 35 young (35840K), 4 survivors (4096K)
 Metaspace       used 47863K, committed 48256K, reserved 1097728K
  class space    used 6299K, committed 6464K, reserved 1048576K
}
Event: 3.295 GC heap after
{Heap after GC invocations=12 (full 0):
 garbage-first heap   total 82944K, used 31751K [0x00000000a0000000, 0x0000000100000000)
  region size 1024K, 5 young (5120K), 5 survivors (5120K)
 Metaspace       used 47863K, committed 48256K, reserved 1097728K
  class space    used 6299K, committed 6464K, reserved 1048576K
}
Event: 3.633 GC heap before
{Heap before GC invocations=12 (full 0):
 garbage-first heap   total 82944K, used 62471K [0x00000000a0000000, 0x0000000100000000)
  region size 1024K, 35 young (35840K), 5 survivors (5120K)
 Metaspace       used 49941K, committed 50368K, reserved 1097728K
  class space    used 6578K, committed 6784K, reserved 1048576K
}
Event: 3.637 GC heap after
{Heap after GC invocations=13 (full 0):
 garbage-first heap   total 82944K, used 33430K [0x00000000a0000000, 0x0000000100000000)
  region size 1024K, 2 young (2048K), 2 survivors (2048K)
 Metaspace       used 49941K, committed 50368K, reserved 1097728K
  class space    used 6578K, committed 6784K, reserved 1048576K
}

